WARNING: LAUNCHER_WORKDIR variable not set. Using current directory.
/opt/apps/launcher/launcher-3.1/paramrun: line 171: [: -eq: unary operator expected
Launcher: Setup complete.

------------- SUMMARY ---------------
   Number of hosts:    9
   Working directory:  /work/04734/dhbrand/stampede2/GitHub/EnviroTyping/data/interim/G2F_Hybrid/hyb_mon_1k
   Processes per host: 1
   Total processes:    9
   Total jobs:         9
   Scheduling method:  dynamic
/opt/apps/launcher/launcher-3.1/paramrun: line 211: [: -eq: unary operator expected

-------------------------------------
Launcher: Starting parallel tasks...
Warning: Permanently added 'c481-052' (ECDSA) to the list of known hosts.
Warning: Permanently added 'c481-043' (ECDSA) to the list of known hosts.
Warning: Permanently added 'c481-001' (ECDSA) to the list of known hosts.
Warning: Permanently added 'c481-044' (ECDSA) to the list of known hosts.
Warning: Permanently added 'c480-083' (ECDSA) to the list of known hosts.
Warning: Permanently added 'c480-013' (ECDSA) to the list of known hosts.
Warning: Permanently added 'c481-062' (ECDSA) to the list of known hosts.
Warning: Permanently added 'c481-053' (ECDSA) to the list of known hosts.
Warning: Permanently added 'c479-113' (ECDSA) to the list of known hosts.
Launcher: Task 7 running job 1 on c481-053.stampede2.tacc.utexas.edu (Rscript --vanilla --verbose ./job.R > ./march.Rout 3)
Launcher: Task 0 running job 4 on c479-113.stampede2.tacc.utexas.edu (Rscript --vanilla --verbose ./job.R > ./june.Rout 6)
Launcher: Task 2 running job 3 on c480-083.stampede2.tacc.utexas.edu (Rscript --vanilla --verbose ./job.R > ./may.Rout 5)
Launcher: Task 8 running job 2 on c481-062.stampede2.tacc.utexas.edu (Rscript --vanilla --verbose ./job.R > ./april.Rout 4)
Launcher: Task 4 running job 5 on c481-043.stampede2.tacc.utexas.edu (Rscript --vanilla --verbose ./job.R > ./july.Rout 7)
Launcher: Task 3 running job 7 on c481-001.stampede2.tacc.utexas.edu (Rscript --vanilla --verbose ./job.R > ./sept.Rout 9)
Launcher: Task 1 running job 8 on c480-013.stampede2.tacc.utexas.edu (Rscript --vanilla --verbose ./job.R > ./oct.Rout 10)
Launcher: Task 5 running job 9 on c481-044.stampede2.tacc.utexas.edu (Rscript --vanilla --verbose ./job.R > ./nov.Rout 11)
Launcher: Task 6 running job 6 on c481-052.stampede2.tacc.utexas.edu (Rscript --vanilla --verbose ./job.R > ./aug.Rout 8)
running
  '/opt/apps/intel17/impi17_0/Rstats/3.4.0/lib64/R/bin/R --slave --no-restore --vanilla --file=./job.R --args 3'

running
  '/opt/apps/intel17/impi17_0/Rstats/3.4.0/lib64/R/bin/R --slave --no-restore --vanilla --file=./job.R --args 6'

running
  '/opt/apps/intel17/impi17_0/Rstats/3.4.0/lib64/R/bin/R --slave --no-restore --vanilla --file=./job.R --args 5'

running
  '/opt/apps/intel17/impi17_0/Rstats/3.4.0/lib64/R/bin/R --slave --no-restore --vanilla --file=./job.R --args 4'

running
  '/opt/apps/intel17/impi17_0/Rstats/3.4.0/lib64/R/bin/R --slave --no-restore --vanilla --file=./job.R --args 7'

running
  '/opt/apps/intel17/impi17_0/Rstats/3.4.0/lib64/R/bin/R --slave --no-restore --vanilla --file=./job.R --args 10'

running
  '/opt/apps/intel17/impi17_0/Rstats/3.4.0/lib64/R/bin/R --slave --no-restore --vanilla --file=./job.R --args 8'

running
  '/opt/apps/intel17/impi17_0/Rstats/3.4.0/lib64/R/bin/R --slave --no-restore --vanilla --file=./job.R --args 11'

running
  '/opt/apps/intel17/impi17_0/Rstats/3.4.0/lib64/R/bin/R --slave --no-restore --vanilla --file=./job.R --args 9'


Attaching package: ‘dplyr’


Attaching package: ‘dplyr’


Attaching package: ‘dplyr’


Attaching package: ‘dplyr’


Attaching package: ‘dplyr’


Attaching package: ‘dplyr’


Attaching package: ‘dplyr’


Attaching package: ‘dplyr’


Attaching package: ‘dplyr’

The following objects are masked from ‘package:stats’:

    filter, lag

The following objects are masked from ‘package:stats’:

    filter, lag

The following objects are masked from ‘package:stats’:

    filter, lag

The following objects are masked from ‘package:stats’:

    filter, lag

The following objects are masked from ‘package:stats’:

    filter, lag

The following objects are masked from ‘package:stats’:

    filter, lag

The following objects are masked from ‘package:stats’:

    filter, lag

The following objects are masked from ‘package:stats’:

    filter, lag

The following objects are masked from ‘package:stats’:

    filter, lag

The following objects are masked from ‘package:base’:

    intersect, setdiff, setequal, union

The following objects are masked from ‘package:base’:

    intersect, setdiff, setequal, union

The following objects are masked from ‘package:base’:

    intersect, setdiff, setequal, union

The following objects are masked from ‘package:base’:

    intersect, setdiff, setequal, union

The following objects are masked from ‘package:base’:

    intersect, setdiff, setequal, union

The following objects are masked from ‘package:base’:

    intersect, setdiff, setequal, union

The following objects are masked from ‘package:base’:

    intersect, setdiff, setequal, union

The following objects are masked from ‘package:base’:

    intersect, setdiff, setequal, union

The following objects are masked from ‘package:base’:

    intersect, setdiff, setequal, union

profvis: code exited with error:
subscript out of bounds

Error in htmlwidgets::saveWidget(p, "profile.html") : 
  Saving a widget with selfcontained = TRUE requires pandoc. For details see:
https://github.com/rstudio/rmarkdown/blob/master/PANDOC.md
Execution halted
Launcher: Job 1 completed in 18 seconds.
Launcher: Task 7 done. Exiting.
profvis: code exited with error:
subscript out of bounds

Error in htmlwidgets::saveWidget(p, "profile.html") : 
  Saving a widget with selfcontained = TRUE requires pandoc. For details see:
https://github.com/rstudio/rmarkdown/blob/master/PANDOC.md
Execution halted
Launcher: Job 9 completed in 24 seconds.
Launcher: Task 5 done. Exiting.
Error in htmlwidgets::saveWidget(p, "profile.html") : 
  Saving a widget with selfcontained = TRUE requires pandoc. For details see:
https://github.com/rstudio/rmarkdown/blob/master/PANDOC.md
Execution halted
Launcher: Job 2 completed in 83 seconds.
Launcher: Task 8 done. Exiting.
profvis: code exited with error:
wrong sign in 'by' argument

Error in htmlwidgets::saveWidget(p, "profile.html") : 
  Saving a widget with selfcontained = TRUE requires pandoc. For details see:
https://github.com/rstudio/rmarkdown/blob/master/PANDOC.md
Execution halted
Launcher: Job 8 completed in 122 seconds.
Launcher: Task 1 done. Exiting.
profvis: code exited with error:
wrong sign in 'by' argument

Error in htmlwidgets::saveWidget(p, "profile.html") : 
  Saving a widget with selfcontained = TRUE requires pandoc. For details see:
https://github.com/rstudio/rmarkdown/blob/master/PANDOC.md
Execution halted
Launcher: Job 7 completed in 142 seconds.
Launcher: Task 3 done. Exiting.
profvis: code exited with error:
wrong sign in 'by' argument

Error in htmlwidgets::saveWidget(p, "profile.html") : 
  Saving a widget with selfcontained = TRUE requires pandoc. For details see:
https://github.com/rstudio/rmarkdown/blob/master/PANDOC.md
Execution halted
Launcher: Job 3 completed in 246 seconds.
Launcher: Task 2 done. Exiting.
profvis: code exited with error:
wrong sign in 'by' argument

Error in htmlwidgets::saveWidget(p, "profile.html") : 
  Saving a widget with selfcontained = TRUE requires pandoc. For details see:
https://github.com/rstudio/rmarkdown/blob/master/PANDOC.md
Execution halted
Launcher: Job 5 completed in 250 seconds.
Launcher: Task 4 done. Exiting.
profvis: code exited with error:
wrong sign in 'by' argument

Error in htmlwidgets::saveWidget(p, "profile.html") : 
  Saving a widget with selfcontained = TRUE requires pandoc. For details see:
https://github.com/rstudio/rmarkdown/blob/master/PANDOC.md
Execution halted
Launcher: Job 6 completed in 255 seconds.
Launcher: Task 6 done. Exiting.
profvis: code exited with error:
wrong sign in 'by' argument

Error in htmlwidgets::saveWidget(p, "profile.html") : 
  Saving a widget with selfcontained = TRUE requires pandoc. For details see:
https://github.com/rstudio/rmarkdown/blob/master/PANDOC.md
Execution halted
Launcher: Job 4 completed in 314 seconds.
Launcher: Task 0 done. Exiting.
Launcher: Done. Job exited without errors
